GC Precious Log:
 CardTable entry size: 512
 CPUs: 12 total, 12 available
 Memory: 16128M
 Large Page Support: Disabled
 NUMA Support: Disabled
 Compressed Oops: Enabled (32-bit)
 Alignments: Space 512K, Generation 512K, Heap 2M
 Heap Min Capacity: 100M
 Heap Initial Capacity: 100M
 Heap Max Capacity: 2G
 Pre-touch: Disabled
 Parallel Workers: 10
Heap:
 PSYoungGen      total 6144K, used 2842K [0x00000000d5580000, 0x00000000d5d80000, 0x0000000100000000)
  eden space 5632K, 42% used [0x00000000d5580000,0x00000000d57d8d50,0x00000000d5b00000)
  from space 512K, 85% used [0x00000000d5b00000,0x00000000d5b6ddd0,0x00000000d5b80000)
  to   space 1024K, 0% used [0x00000000d5c80000,0x00000000d5c80000,0x00000000d5d80000)
 ParOldGen       total 553984K, used 553539K [0x0000000080000000, 0x00000000a1d00000, 0x00000000d5580000)
  object space 553984K, 99% used [0x0000000080000000,0x00000000a1c90e20,0x00000000a1d00000)
 Metaspace       used 79884K, committed 81600K, reserved 1179648K
  class space    used 8561K, committed 9344K, reserved 1048576K
GC Heap History (20 events):
Event: 126.341 GC heap before
{Heap before GC invocations=5532 (full 6):
 PSYoungGen      total 4608K, used 4267K [0x00000000d5580000, 0x00000000d5c80000, 0x0000000100000000)
  eden space 3072K, 99% used [0x00000000d5580000,0x00000000d5879030,0x00000000d5880000)
  from space 1536K, 79% used [0x00000000d5880000,0x00000000d59b1ee0,0x00000000d5a00000)
  to   space 1536K, 0% used [0x00000000d5b00000,0x00000000d5b00000,0x00000000d5c80000)
 ParOldGen       total 539136K, used 539043K [0x0000000080000000, 0x00000000a0e80000, 0x00000000d5580000)
  object space 539136K, 99% used [0x0000000080000000,0x00000000a0e68c40,0x00000000a0e80000)
 Metaspace       used 79795K, committed 81536K, reserved 1179648K
  class space    used 8546K, committed 9344K, reserved 1048576K
}
Event: 126.342 GC heap after
{Heap after GC invocations=5532 (full 6):
 PSYoungGen      total 5120K, used 768K [0x00000000d5580000, 0x00000000d5c00000, 0x0000000100000000)
  eden space 4096K, 0% used [0x00000000d5580000,0x00000000d5580000,0x00000000d5980000)
  from space 1024K, 75% used [0x00000000d5b00000,0x00000000d5bc0000,0x00000000d5c00000)
  to   space 1024K, 0% used [0x00000000d5a00000,0x00000000d5a00000,0x00000000d5b00000)
 ParOldGen       total 539648K, used 539635K [0x0000000080000000, 0x00000000a0f00000, 0x00000000d5580000)
  object space 539648K, 99% used [0x0000000080000000,0x00000000a0efcc40,0x00000000a0f00000)
 Metaspace       used 79795K, committed 81536K, reserved 1179648K
  class space    used 8546K, committed 9344K, reserved 1048576K
}
Event: 126.347 GC heap before
{Heap before GC invocations=5533 (full 6):
 PSYoungGen      total 5120K, used 4864K [0x00000000d5580000, 0x00000000d5c00000, 0x0000000100000000)
  eden space 4096K, 100% used [0x00000000d5580000,0x00000000d5980000,0x00000000d5980000)
  from space 1024K, 75% used [0x00000000d5b00000,0x00000000d5bc0000,0x00000000d5c00000)
  to   space 1024K, 0% used [0x00000000d5a00000,0x00000000d5a00000,0x00000000d5b00000)
 ParOldGen       total 539648K, used 539635K [0x0000000080000000, 0x00000000a0f00000, 0x00000000d5580000)
  object space 539648K, 99% used [0x0000000080000000,0x00000000a0efcc40,0x00000000a0f00000)
 Metaspace       used 79795K, committed 81536K, reserved 1179648K
  class space    used 8546K, committed 9344K, reserved 1048576K
}
Event: 126.349 GC heap after
{Heap after GC invocations=5533 (full 6):
 PSYoungGen      total 5632K, used 1024K [0x00000000d5580000, 0x00000000d5f80000, 0x0000000100000000)
  eden space 4608K, 0% used [0x00000000d5580000,0x00000000d5580000,0x00000000d5a00000)
  from space 1024K, 100% used [0x00000000d5a00000,0x00000000d5b00000,0x00000000d5b00000)
  to   space 2560K, 0% used [0x00000000d5d00000,0x00000000d5d00000,0x00000000d5f80000)
 ParOldGen       total 541184K, used 540779K [0x0000000080000000, 0x00000000a1080000, 0x00000000d5580000)
  object space 541184K, 99% used [0x0000000080000000,0x00000000a101ae78,0x00000000a1080000)
 Metaspace       used 79795K, committed 81536K, reserved 1179648K
  class space    used 8546K, committed 9344K, reserved 1048576K
}
Event: 126.355 GC heap before
{Heap before GC invocations=5534 (full 6):
 PSYoungGen      total 5632K, used 5632K [0x00000000d5580000, 0x00000000d5f80000, 0x0000000100000000)
  eden space 4608K, 100% used [0x00000000d5580000,0x00000000d5a00000,0x00000000d5a00000)
  from space 1024K, 100% used [0x00000000d5a00000,0x00000000d5b00000,0x00000000d5b00000)
  to   space 2560K, 0% used [0x00000000d5d00000,0x00000000d5d00000,0x00000000d5f80000)
 ParOldGen       total 541184K, used 540779K [0x0000000080000000, 0x00000000a1080000, 0x00000000d5580000)
  object space 541184K, 99% used [0x0000000080000000,0x00000000a101ae78,0x00000000a1080000)
 Metaspace       used 79795K, committed 81536K, reserved 1179648K
  class space    used 8546K, committed 9344K, reserved 1048576K
}
Event: 126.356 GC heap after
{Heap after GC invocations=5534 (full 6):
 PSYoungGen      total 6656K, used 1585K [0x00000000d5580000, 0x00000000d5f00000, 0x0000000100000000)
  eden space 4608K, 0% used [0x00000000d5580000,0x00000000d5580000,0x00000000d5a00000)
  from space 2048K, 77% used [0x00000000d5d00000,0x00000000d5e8c500,0x00000000d5f00000)
  to   space 2048K, 0% used [0x00000000d5b00000,0x00000000d5b00000,0x00000000d5d00000)
 ParOldGen       total 542208K, used 541834K [0x0000000080000000, 0x00000000a1180000, 0x00000000d5580000)
  object space 542208K, 99% used [0x0000000080000000,0x00000000a1122868,0x00000000a1180000)
 Metaspace       used 79795K, committed 81536K, reserved 1179648K
  class space    used 8546K, committed 9344K, reserved 1048576K
}
Event: 126.363 GC heap before
{Heap before GC invocations=5535 (full 6):
 PSYoungGen      total 6656K, used 6193K [0x00000000d5580000, 0x00000000d5f00000, 0x0000000100000000)
  eden space 4608K, 100% used [0x00000000d5580000,0x00000000d5a00000,0x00000000d5a00000)
  from space 2048K, 77% used [0x00000000d5d00000,0x00000000d5e8c500,0x00000000d5f00000)
  to   space 2048K, 0% used [0x00000000d5b00000,0x00000000d5b00000,0x00000000d5d00000)
 ParOldGen       total 542208K, used 541834K [0x0000000080000000, 0x00000000a1180000, 0x00000000d5580000)
  object space 542208K, 99% used [0x0000000080000000,0x00000000a1122868,0x00000000a1180000)
 Metaspace       used 79795K, committed 81536K, reserved 1179648K
  class space    used 8546K, committed 9344K, reserved 1048576K
}
Event: 126.365 GC heap after
{Heap after GC invocations=5535 (full 6):
 PSYoungGen      total 7680K, used 1600K [0x00000000d5580000, 0x00000000d5f00000, 0x0000000100000000)
  eden space 5632K, 0% used [0x00000000d5580000,0x00000000d5580000,0x00000000d5b00000)
  from space 2048K, 78% used [0x00000000d5b00000,0x00000000d5c90000,0x00000000d5d00000)
  to   space 2048K, 0% used [0x00000000d5d00000,0x00000000d5d00000,0x00000000d5f00000)
 ParOldGen       total 543744K, used 543328K [0x0000000080000000, 0x00000000a1300000, 0x00000000d5580000)
  object space 543744K, 99% used [0x0000000080000000,0x00000000a1298290,0x00000000a1300000)
 Metaspace       used 79795K, committed 81536K, reserved 1179648K
  class space    used 8546K, committed 9344K, reserved 1048576K
}
Event: 126.373 GC heap before
{Heap before GC invocations=5536 (full 6):
 PSYoungGen      total 7680K, used 7232K [0x00000000d5580000, 0x00000000d5f00000, 0x0000000100000000)
  eden space 5632K, 100% used [0x00000000d5580000,0x00000000d5b00000,0x00000000d5b00000)
  from space 2048K, 78% used [0x00000000d5b00000,0x00000000d5c90000,0x00000000d5d00000)
  to   space 2048K, 0% used [0x00000000d5d00000,0x00000000d5d00000,0x00000000d5f00000)
 ParOldGen       total 543744K, used 543328K [0x0000000080000000, 0x00000000a1300000, 0x00000000d5580000)
  object space 543744K, 99% used [0x0000000080000000,0x00000000a1298290,0x00000000a1300000)
 Metaspace       used 79795K, committed 81536K, reserved 1179648K
  class space    used 8546K, committed 9344K, reserved 1048576K
}
Event: 126.374 GC heap after
{Heap after GC invocations=5536 (full 6):
 PSYoungGen      total 7680K, used 1856K [0x00000000d5580000, 0x00000000d5f00000, 0x0000000100000000)
  eden space 5632K, 0% used [0x00000000d5580000,0x00000000d5580000,0x00000000d5b00000)
  from space 2048K, 90% used [0x00000000d5d00000,0x00000000d5ed0000,0x00000000d5f00000)
  to   space 2048K, 0% used [0x00000000d5b00000,0x00000000d5b00000,0x00000000d5d00000)
 ParOldGen       total 545280K, used 544832K [0x0000000080000000, 0x00000000a1480000, 0x00000000d5580000)
  object space 545280K, 99% used [0x0000000080000000,0x00000000a1410290,0x00000000a1480000)
 Metaspace       used 79795K, committed 81536K, reserved 1179648K
  class space    used 8546K, committed 9344K, reserved 1048576K
}
Event: 126.383 GC heap before
{Heap before GC invocations=5537 (full 6):
 PSYoungGen      total 7680K, used 7488K [0x00000000d5580000, 0x00000000d5f00000, 0x0000000100000000)
  eden space 5632K, 100% used [0x00000000d5580000,0x00000000d5b00000,0x00000000d5b00000)
  from space 2048K, 90% used [0x00000000d5d00000,0x00000000d5ed0000,0x00000000d5f00000)
  to   space 2048K, 0% used [0x00000000d5b00000,0x00000000d5b00000,0x00000000d5d00000)
 ParOldGen       total 545280K, used 544832K [0x0000000080000000, 0x00000000a1480000, 0x00000000d5580000)
  object space 545280K, 99% used [0x0000000080000000,0x00000000a1410290,0x00000000a1480000)
 Metaspace       used 79795K, committed 81536K, reserved 1179648K
  class space    used 8546K, committed 9344K, reserved 1048576K
}
Event: 126.384 GC heap after
{Heap after GC invocations=5537 (full 6):
 PSYoungGen      total 7680K, used 1981K [0x00000000d5580000, 0x00000000d5f00000, 0x0000000100000000)
  eden space 5632K, 0% used [0x00000000d5580000,0x00000000d5580000,0x00000000d5b00000)
  from space 2048K, 96% used [0x00000000d5b00000,0x00000000d5cef5e8,0x00000000d5d00000)
  to   space 2048K, 0% used [0x00000000d5d00000,0x00000000d5d00000,0x00000000d5f00000)
 ParOldGen       total 546816K, used 546600K [0x0000000080000000, 0x00000000a1600000, 0x00000000d5580000)
  object space 546816K, 99% used [0x0000000080000000,0x00000000a15ca050,0x00000000a1600000)
 Metaspace       used 79795K, committed 81536K, reserved 1179648K
  class space    used 8546K, committed 9344K, reserved 1048576K
}
Event: 126.392 GC heap before
{Heap before GC invocations=5538 (full 6):
 PSYoungGen      total 7680K, used 7613K [0x00000000d5580000, 0x00000000d5f00000, 0x0000000100000000)
  eden space 5632K, 100% used [0x00000000d5580000,0x00000000d5b00000,0x00000000d5b00000)
  from space 2048K, 96% used [0x00000000d5b00000,0x00000000d5cef5e8,0x00000000d5d00000)
  to   space 2048K, 0% used [0x00000000d5d00000,0x00000000d5d00000,0x00000000d5f00000)
 ParOldGen       total 546816K, used 546600K [0x0000000080000000, 0x00000000a1600000, 0x00000000d5580000)
  object space 546816K, 99% used [0x0000000080000000,0x00000000a15ca050,0x00000000a1600000)
 Metaspace       used 79795K, committed 81536K, reserved 1179648K
  class space    used 8546K, committed 9344K, reserved 1048576K
}
Event: 126.393 GC heap after
{Heap after GC invocations=5538 (full 6):
 PSYoungGen      total 7680K, used 1856K [0x00000000d5580000, 0x00000000d5f00000, 0x0000000100000000)
  eden space 5632K, 0% used [0x00000000d5580000,0x00000000d5580000,0x00000000d5b00000)
  from space 2048K, 90% used [0x00000000d5d00000,0x00000000d5ed0000,0x00000000d5f00000)
  to   space 2048K, 0% used [0x00000000d5b00000,0x00000000d5b00000,0x00000000d5d00000)
 ParOldGen       total 548864K, used 548441K [0x0000000080000000, 0x00000000a1800000, 0x00000000d5580000)
  object space 548864K, 99% used [0x0000000080000000,0x00000000a1796668,0x00000000a1800000)
 Metaspace       used 79795K, committed 81536K, reserved 1179648K
  class space    used 8546K, committed 9344K, reserved 1048576K
}
Event: 126.402 GC heap before
{Heap before GC invocations=5539 (full 6):
 PSYoungGen      total 7680K, used 7488K [0x00000000d5580000, 0x00000000d5f00000, 0x0000000100000000)
  eden space 5632K, 100% used [0x00000000d5580000,0x00000000d5b00000,0x00000000d5b00000)
  from space 2048K, 90% used [0x00000000d5d00000,0x00000000d5ed0000,0x00000000d5f00000)
  to   space 2048K, 0% used [0x00000000d5b00000,0x00000000d5b00000,0x00000000d5d00000)
 ParOldGen       total 548864K, used 548441K [0x0000000080000000, 0x00000000a1800000, 0x00000000d5580000)
  object space 548864K, 99% used [0x0000000080000000,0x00000000a1796668,0x00000000a1800000)
 Metaspace       used 79795K, committed 81536K, reserved 1179648K
  class space    used 8546K, committed 9344K, reserved 1048576K
}
Event: 126.404 GC heap after
{Heap after GC invocations=5539 (full 6):
 PSYoungGen      total 7680K, used 1870K [0x00000000d5580000, 0x00000000d5f00000, 0x0000000100000000)
  eden space 5632K, 0% used [0x00000000d5580000,0x00000000d5580000,0x00000000d5b00000)
  from space 2048K, 91% used [0x00000000d5b00000,0x00000000d5cd3858,0x00000000d5d00000)
  to   space 2048K, 0% used [0x00000000d5d00000,0x00000000d5d00000,0x00000000d5f00000)
 ParOldGen       total 550400K, used 550168K [0x0000000080000000, 0x00000000a1980000, 0x00000000d5580000)
  object space 550400K, 99% used [0x0000000080000000,0x00000000a1946390,0x00000000a1980000)
 Metaspace       used 79795K, committed 81536K, reserved 1179648K
  class space    used 8546K, committed 9344K, reserved 1048576K
}
Event: 126.413 GC heap before
{Heap before GC invocations=5540 (full 6):
 PSYoungGen      total 7680K, used 7502K [0x00000000d5580000, 0x00000000d5f00000, 0x0000000100000000)
  eden space 5632K, 99% used [0x00000000d5580000,0x00000000d5afffa8,0x00000000d5b00000)
  from space 2048K, 91% used [0x00000000d5b00000,0x00000000d5cd3858,0x00000000d5d00000)
  to   space 2048K, 0% used [0x00000000d5d00000,0x00000000d5d00000,0x00000000d5f00000)
 ParOldGen       total 550400K, used 550168K [0x0000000080000000, 0x00000000a1980000, 0x00000000d5580000)
  object space 550400K, 99% used [0x0000000080000000,0x00000000a1946390,0x00000000a1980000)
 Metaspace       used 79795K, committed 81536K, reserved 1179648K
  class space    used 8546K, committed 9344K, reserved 1048576K
}
Event: 126.415 GC heap after
{Heap after GC invocations=5540 (full 6):
 PSYoungGen      total 7680K, used 1867K [0x00000000d5580000, 0x00000000d5f00000, 0x0000000100000000)
  eden space 5632K, 0% used [0x00000000d5580000,0x00000000d5580000,0x00000000d5b00000)
  from space 2048K, 91% used [0x00000000d5d00000,0x00000000d5ed2f18,0x00000000d5f00000)
  to   space 2048K, 0% used [0x00000000d5b00000,0x00000000d5b00000,0x00000000d5d00000)
 ParOldGen       total 551936K, used 551862K [0x0000000080000000, 0x00000000a1b00000, 0x00000000d5580000)
  object space 551936K, 99% used [0x0000000080000000,0x00000000a1aedbe8,0x00000000a1b00000)
 Metaspace       used 79795K, committed 81536K, reserved 1179648K
  class space    used 8546K, committed 9344K, reserved 1048576K
}
Event: 400.992 GC heap before
{Heap before GC invocations=5541 (full 6):
 PSYoungGen      total 7680K, used 7499K [0x00000000d5580000, 0x00000000d5f00000, 0x0000000100000000)
  eden space 5632K, 100% used [0x00000000d5580000,0x00000000d5b00000,0x00000000d5b00000)
  from space 2048K, 91% used [0x00000000d5d00000,0x00000000d5ed2f18,0x00000000d5f00000)
  to   space 2048K, 0% used [0x00000000d5b00000,0x00000000d5b00000,0x00000000d5d00000)
 ParOldGen       total 551936K, used 551862K [0x0000000080000000, 0x00000000a1b00000, 0x00000000d5580000)
  object space 551936K, 99% used [0x0000000080000000,0x00000000a1aedbe8,0x00000000a1b00000)
 Metaspace       used 79828K, committed 81536K, reserved 1179648K
  class space    used 8547K, committed 9344K, reserved 1048576K
}
Event: 401.343 GC heap after
{Heap after GC invocations=5541 (full 6):
 PSYoungGen      total 6144K, used 439K [0x00000000d5580000, 0x00000000d5d80000, 0x0000000100000000)
  eden space 5632K, 0% used [0x00000000d5580000,0x00000000d5580000,0x00000000d5b00000)
  from space 512K, 85% used [0x00000000d5b00000,0x00000000d5b6ddd0,0x00000000d5b80000)
  to   space 1024K, 0% used [0x00000000d5c80000,0x00000000d5c80000,0x00000000d5d80000)
 ParOldGen       total 553984K, used 553539K [0x0000000080000000, 0x00000000a1d00000, 0x00000000d5580000)
  object space 553984K, 99% used [0x0000000080000000,0x00000000a1c90e20,0x00000000a1d00000)
 Metaspace       used 79828K, committed 81536K, reserved 1179648K
  class space    used 8547K, committed 9344K, reserved 1048576K
}

