# JRE version: Java(TM) SE Runtime Environment (8.0_172-b11) (build 1.8.0_172-b11)
# Java VM: Java HotSpot(TM) 64-Bit Server VM (25.172-b11 mixed mode windows-amd64 compressed oops)
Heap:
 PSYoungGen      total 16896K, used 6614K [0x00000000feb00000, 0x0000000100000000, 0x0000000100000000)
  eden space 12288K, 34% used [0x00000000feb00000,0x00000000fef14d00,0x00000000ff700000)
  from space 4608K, 52% used [0x00000000ff700000,0x00000000ff960c08,0x00000000ffb80000)
  to   space 4608K, 0% used [0x00000000ffb80000,0x00000000ffb80000,0x0000000100000000)
 ParOldGen       total 44032K, used 5310K [0x00000000fc000000, 0x00000000feb00000, 0x00000000feb00000)
  object space 44032K, 12% used [0x00000000fc000000,0x00000000fc52f950,0x00000000feb00000)
 Metaspace       used 12681K, capacity 13106K, committed 13184K, reserved 1060864K
  class space    used 1730K, capacity 1874K, committed 1920K, reserved 1048576K
GC Heap History (10 events):
Event: 0.632 GC heap before
{Heap before GC invocations=3 (full 0):
 PSYoungGen      total 18944K, used 18688K [0x00000000feb00000, 0x0000000100000000, 0x0000000100000000)
  eden space 16384K, 100% used [0x00000000feb00000,0x00000000ffb00000,0x00000000ffb00000)
  from space 2560K, 90% used [0x00000000ffd80000,0x00000000fffc0030,0x0000000100000000)
  to   space 2560K, 0% used [0x00000000ffb00000,0x00000000ffb00000,0x00000000ffd80000)
 ParOldGen       total 44032K, used 16K [0x00000000fc000000, 0x00000000feb00000, 0x00000000feb00000)
  object space 44032K, 0% used [0x00000000fc000000,0x00000000fc004000,0x00000000feb00000)
 Metaspace       used 6795K, capacity 7082K, committed 7168K, reserved 1056768K
  class space    used 819K, capacity 941K, committed 1024K, reserved 1048576K
Event: 0.633 GC heap after
Heap after GC invocations=3 (full 0):
 PSYoungGen      total 18944K, used 2552K [0x00000000feb00000, 0x0000000100000000, 0x0000000100000000)
  eden space 16384K, 0% used [0x00000000feb00000,0x00000000feb00000,0x00000000ffb00000)
  from space 2560K, 99% used [0x00000000ffb00000,0x00000000ffd7e040,0x00000000ffd80000)
  to   space 2560K, 0% used [0x00000000ffd80000,0x00000000ffd80000,0x0000000100000000)
 ParOldGen       total 44032K, used 896K [0x00000000fc000000, 0x00000000feb00000, 0x00000000feb00000)
  object space 44032K, 2% used [0x00000000fc000000,0x00000000fc0e02f8,0x00000000feb00000)
 Metaspace       used 6795K, capacity 7082K, committed 7168K, reserved 1056768K
  class space    used 819K, capacity 941K, committed 1024K, reserved 1048576K
}
Event: 0.741 GC heap before
{Heap before GC invocations=4 (full 0):
 PSYoungGen      total 18944K, used 18936K [0x00000000feb00000, 0x0000000100000000, 0x0000000100000000)
  eden space 16384K, 100% used [0x00000000feb00000,0x00000000ffb00000,0x00000000ffb00000)
  from space 2560K, 99% used [0x00000000ffb00000,0x00000000ffd7e040,0x00000000ffd80000)
  to   space 2560K, 0% used [0x00000000ffd80000,0x00000000ffd80000,0x0000000100000000)
 ParOldGen       total 44032K, used 896K [0x00000000fc000000, 0x00000000feb00000, 0x00000000feb00000)
  object space 44032K, 2% used [0x00000000fc000000,0x00000000fc0e02f8,0x00000000feb00000)
 Metaspace       used 8503K, capacity 8844K, committed 8960K, reserved 1056768K
  class space    used 1089K, capacity 1193K, committed 1280K, reserved 1048576K
Event: 0.742 GC heap after
Heap after GC invocations=4 (full 0):
 PSYoungGen      total 18944K, used 2528K [0x00000000feb00000, 0x0000000100000000, 0x0000000100000000)
  eden space 16384K, 0% used [0x00000000feb00000,0x00000000feb00000,0x00000000ffb00000)
  from space 2560K, 98% used [0x00000000ffd80000,0x00000000ffff8030,0x0000000100000000)
  to   space 2560K, 0% used [0x00000000ffb00000,0x00000000ffb00000,0x00000000ffd80000)
 ParOldGen       total 44032K, used 1747K [0x00000000fc000000, 0x00000000feb00000, 0x00000000feb00000)
  object space 44032K, 3% used [0x00000000fc000000,0x00000000fc1b4f38,0x00000000feb00000)
 Metaspace       used 8503K, capacity 8844K, committed 8960K, reserved 1056768K
  class space    used 1089K, capacity 1193K, committed 1280K, reserved 1048576K
}
Event: 0.828 GC heap before
{Heap before GC invocations=5 (full 0):
 PSYoungGen      total 18944K, used 18912K [0x00000000feb00000, 0x0000000100000000, 0x0000000100000000)
  eden space 16384K, 100% used [0x00000000feb00000,0x00000000ffb00000,0x00000000ffb00000)
  from space 2560K, 98% used [0x00000000ffd80000,0x00000000ffff8030,0x0000000100000000)
  to   space 2560K, 0% used [0x00000000ffb00000,0x00000000ffb00000,0x00000000ffd80000)
 ParOldGen       total 44032K, used 1747K [0x00000000fc000000, 0x00000000feb00000, 0x00000000feb00000)
  object space 44032K, 3% used [0x00000000fc000000,0x00000000fc1b4f38,0x00000000feb00000)
 Metaspace       used 9853K, capacity 10188K, committed 10496K, reserved 1058816K
  class space    used 1305K, capacity 1425K, committed 1536K, reserved 1048576K
Event: 0.830 GC heap after
Heap after GC invocations=5 (full 0):
 PSYoungGen      total 18944K, used 2528K [0x00000000feb00000, 0x0000000100000000, 0x0000000100000000)
  eden space 16384K, 0% used [0x00000000feb00000,0x00000000feb00000,0x00000000ffb00000)
  from space 2560K, 98% used [0x00000000ffb00000,0x00000000ffd78030,0x00000000ffd80000)
  to   space 2560K, 0% used [0x00000000ffd80000,0x00000000ffd80000,0x0000000100000000)
 ParOldGen       total 44032K, used 3158K [0x00000000fc000000, 0x00000000feb00000, 0x00000000feb00000)
  object space 44032K, 7% used [0x00000000fc000000,0x00000000fc315868,0x00000000feb00000)
 Metaspace       used 9853K, capacity 10188K, committed 10496K, reserved 1058816K
  class space    used 1305K, capacity 1425K, committed 1536K, reserved 1048576K
}
Event: 1.150 GC heap before
{Heap before GC invocations=6 (full 0):
 PSYoungGen      total 18944K, used 18912K [0x00000000feb00000, 0x0000000100000000, 0x0000000100000000)
  eden space 16384K, 100% used [0x00000000feb00000,0x00000000ffb00000,0x00000000ffb00000)
  from space 2560K, 98% used [0x00000000ffb00000,0x00000000ffd78030,0x00000000ffd80000)
  to   space 2560K, 0% used [0x00000000ffd80000,0x00000000ffd80000,0x0000000100000000)
 ParOldGen       total 44032K, used 3158K [0x00000000fc000000, 0x00000000feb00000, 0x00000000feb00000)
  object space 44032K, 7% used [0x00000000fc000000,0x00000000fc315868,0x00000000feb00000)
 Metaspace       used 11066K, capacity 11510K, committed 11648K, reserved 1058816K
  class space    used 1490K, capacity 1604K, committed 1664K, reserved 1048576K
Event: 1.151 GC heap after
Heap after GC invocations=6 (full 0):
 PSYoungGen      total 14848K, used 2528K [0x00000000feb00000, 0x0000000100000000, 0x0000000100000000)
  eden space 12288K, 0% used [0x00000000feb00000,0x00000000feb00000,0x00000000ff700000)
  from space 2560K, 98% used [0x00000000ffd80000,0x00000000ffff8030,0x0000000100000000)
  to   space 4608K, 0% used [0x00000000ff700000,0x00000000ff700000,0x00000000ffb80000)
 ParOldGen       total 44032K, used 4362K [0x00000000fc000000, 0x00000000feb00000, 0x00000000feb00000)
  object space 44032K, 9% used [0x00000000fc000000,0x00000000fc4428d0,0x00000000feb00000)
 Metaspace       used 11066K, capacity 11510K, committed 11648K, reserved 1058816K
  class space    used 1490K, capacity 1604K, committed 1664K, reserved 1048576K
}
Event: 1.450 GC heap before
{Heap before GC invocations=7 (full 0):
 PSYoungGen      total 14848K, used 14816K [0x00000000feb00000, 0x0000000100000000, 0x0000000100000000)
  eden space 12288K, 100% used [0x00000000feb00000,0x00000000ff700000,0x00000000ff700000)
  from space 2560K, 98% used [0x00000000ffd80000,0x00000000ffff8030,0x0000000100000000)
  to   space 4608K, 0% used [0x00000000ff700000,0x00000000ff700000,0x00000000ffb80000)
 ParOldGen       total 44032K, used 4362K [0x00000000fc000000, 0x00000000feb00000, 0x00000000feb00000)
  object space 44032K, 9% used [0x00000000fc000000,0x00000000fc4428d0,0x00000000feb00000)
 Metaspace       used 12317K, capacity 12760K, committed 12928K, reserved 1060864K
  class space    used 1673K, capacity 1803K, committed 1920K, reserved 1048576K
Event: 1.452 GC heap after
Heap after GC invocations=7 (full 0):
 PSYoungGen      total 16896K, used 2435K [0x00000000feb00000, 0x0000000100000000, 0x0000000100000000)
  eden space 12288K, 0% used [0x00000000feb00000,0x00000000feb00000,0x00000000ff700000)
  from space 4608K, 52% used [0x00000000ff700000,0x00000000ff960c08,0x00000000ffb80000)
  to   space 4608K, 0% used [0x00000000ffb80000,0x00000000ffb80000,0x0000000100000000)
 ParOldGen       total 44032K, used 5310K [0x00000000fc000000, 0x00000000feb00000, 0x00000000feb00000)
  object space 44032K, 12% used [0x00000000fc000000,0x00000000fc52f950,0x00000000feb00000)
 Metaspace       used 12317K, capacity 12760K, committed 12928K, reserved 1060864K
  class space    used 1673K, capacity 1803K, committed 1920K, reserved 1048576K
}

