# JRE version: Java(TM) SE Runtime Environment (8.0_172-b11) (build 1.8.0_172-b11)
# Java VM: Java HotSpot(TM) 64-Bit Server VM (25.172-b11 mixed mode windows-amd64 compressed oops)
Heap:
 PSYoungGen      total 131072K, used 129951K [0x00000000f5580000, 0x0000000100000000, 0x0000000100000000)
  eden space 108032K, 98% used [0x00000000f5580000,0x00000000fbded3b8,0x00000000fbf00000)
  from space 23040K, 99% used [0x00000000fe980000,0x00000000ffffa8f8,0x0000000100000000)
  to   space 33280K, 0% used [0x00000000fbf00000,0x00000000fbf00000,0x00000000fdf80000)
 ParOldGen       total 222720K, used 64000K [0x00000000e0000000, 0x00000000ed980000, 0x00000000f5580000)
  object space 222720K, 28% used [0x00000000e0000000,0x00000000e3e80388,0x00000000ed980000)
 Metaspace       used 84610K, capacity 93543K, committed 93616K, reserved 1130496K
  class space    used 11875K, capacity 13222K, committed 13232K, reserved 1048576K
GC Heap History (10 events):
Event: 10.654 GC heap before
{Heap before GC invocations=21 (full 3):
 PSYoungGen      total 146944K, used 146554K [0x00000000f5580000, 0x0000000100000000, 0x0000000100000000)
  eden space 131584K, 100% used [0x00000000f5580000,0x00000000fd600000,0x00000000fd600000)
  from space 15360K, 97% used [0x00000000fd600000,0x00000000fe49e8a8,0x00000000fe500000)
  to   space 22016K, 0% used [0x00000000fea80000,0x00000000fea80000,0x0000000100000000)
 ParOldGen       total 222720K, used 31009K [0x00000000e0000000, 0x00000000ed980000, 0x00000000f5580000)
  object space 222720K, 13% used [0x00000000e0000000,0x00000000e1e48730,0x00000000ed980000)
 Metaspace       used 72759K, capacity 79511K, committed 79664K, reserved 1118208K
  class space    used 10237K, capacity 11294K, committed 11312K, reserved 1048576K
Event: 10.668 GC heap after
Heap after GC invocations=21 (full 3):
 PSYoungGen      total 153088K, used 11578K [0x00000000f5580000, 0x0000000100000000, 0x0000000100000000)
  eden space 131072K, 0% used [0x00000000f5580000,0x00000000f5580000,0x00000000fd580000)
  from space 22016K, 52% used [0x00000000fea80000,0x00000000ff5ce9e8,0x0000000100000000)
  to   space 21504K, 0% used [0x00000000fd580000,0x00000000fd580000,0x00000000fea80000)
 ParOldGen       total 222720K, used 41854K [0x00000000e0000000, 0x00000000ed980000, 0x00000000f5580000)
  object space 222720K, 18% used [0x00000000e0000000,0x00000000e28df918,0x00000000ed980000)
 Metaspace       used 72759K, capacity 79511K, committed 79664K, reserved 1118208K
  class space    used 10237K, capacity 11294K, committed 11312K, reserved 1048576K
}
Event: 19.114 GC heap before
{Heap before GC invocations=22 (full 3):
 PSYoungGen      total 153088K, used 142650K [0x00000000f5580000, 0x0000000100000000, 0x0000000100000000)
  eden space 131072K, 100% used [0x00000000f5580000,0x00000000fd580000,0x00000000fd580000)
  from space 22016K, 52% used [0x00000000fea80000,0x00000000ff5ce9e8,0x0000000100000000)
  to   space 21504K, 0% used [0x00000000fd580000,0x00000000fd580000,0x00000000fea80000)
 ParOldGen       total 222720K, used 41854K [0x00000000e0000000, 0x00000000ed980000, 0x00000000f5580000)
  object space 222720K, 18% used [0x00000000e0000000,0x00000000e28df918,0x00000000ed980000)
 Metaspace       used 79135K, capacity 86997K, committed 87088K, reserved 1124352K
  class space    used 11152K, capacity 12307K, committed 12336K, reserved 1048576K
Event: 19.127 GC heap after
Heap after GC invocations=22 (full 3):
 PSYoungGen      total 142336K, used 10974K [0x00000000f5580000, 0x00000000ffd80000, 0x0000000100000000)
  eden space 131072K, 0% used [0x00000000f5580000,0x00000000f5580000,0x00000000fd580000)
  from space 11264K, 97% used [0x00000000fd580000,0x00000000fe0378e0,0x00000000fe080000)
  to   space 20480K, 0% used [0x00000000fe980000,0x00000000fe980000,0x00000000ffd80000)
 ParOldGen       total 222720K, used 47666K [0x00000000e0000000, 0x00000000ed980000, 0x00000000f5580000)
  object space 222720K, 21% used [0x00000000e0000000,0x00000000e2e8c988,0x00000000ed980000)
 Metaspace       used 79135K, capacity 86997K, committed 87088K, reserved 1124352K
  class space    used 11152K, capacity 12307K, committed 12336K, reserved 1048576K
}
Event: 22.628 GC heap before
{Heap before GC invocations=23 (full 3):
 PSYoungGen      total 142336K, used 142046K [0x00000000f5580000, 0x00000000ffd80000, 0x0000000100000000)
  eden space 131072K, 100% used [0x00000000f5580000,0x00000000fd580000,0x00000000fd580000)
  from space 11264K, 97% used [0x00000000fd580000,0x00000000fe0378e0,0x00000000fe080000)
  to   space 20480K, 0% used [0x00000000fe980000,0x00000000fe980000,0x00000000ffd80000)
 ParOldGen       total 222720K, used 47666K [0x00000000e0000000, 0x00000000ed980000, 0x00000000f5580000)
  object space 222720K, 21% used [0x00000000e0000000,0x00000000e2e8c988,0x00000000ed980000)
 Metaspace       used 81399K, capacity 89631K, committed 89776K, reserved 1126400K
  class space    used 11466K, capacity 12718K, committed 12720K, reserved 1048576K
Event: 22.646 GC heap after
Heap after GC invocations=23 (full 3):
 PSYoungGen      total 150016K, used 18340K [0x00000000f5580000, 0x0000000100000000, 0x0000000100000000)
  eden space 129536K, 0% used [0x00000000f5580000,0x00000000f5580000,0x00000000fd400000)
  from space 20480K, 89% used [0x00000000fe980000,0x00000000ffb69308,0x00000000ffd80000)
  to   space 22016K, 0% used [0x00000000fd400000,0x00000000fd400000,0x00000000fe980000)
 ParOldGen       total 222720K, used 47674K [0x00000000e0000000, 0x00000000ed980000, 0x00000000f5580000)
  object space 222720K, 21% used [0x00000000e0000000,0x00000000e2e8e988,0x00000000ed980000)
 Metaspace       used 81399K, capacity 89631K, committed 89776K, reserved 1126400K
  class space    used 11466K, capacity 12718K, committed 12720K, reserved 1048576K
}
Event: 25.596 GC heap before
{Heap before GC invocations=24 (full 3):
 PSYoungGen      total 150016K, used 147876K [0x00000000f5580000, 0x0000000100000000, 0x0000000100000000)
  eden space 129536K, 100% used [0x00000000f5580000,0x00000000fd400000,0x00000000fd400000)
  from space 20480K, 89% used [0x00000000fe980000,0x00000000ffb69308,0x00000000ffd80000)
  to   space 22016K, 0% used [0x00000000fd400000,0x00000000fd400000,0x00000000fe980000)
 ParOldGen       total 222720K, used 47674K [0x00000000e0000000, 0x00000000ed980000, 0x00000000f5580000)
  object space 222720K, 21% used [0x00000000e0000000,0x00000000e2e8e988,0x00000000ed980000)
 Metaspace       used 83118K, capacity 91659K, committed 91952K, reserved 1128448K
  class space    used 11720K, capacity 13030K, committed 13104K, reserved 1048576K
Event: 25.616 GC heap after
Heap after GC invocations=24 (full 3):
 PSYoungGen      total 151552K, used 21994K [0x00000000f5580000, 0x0000000100000000, 0x0000000100000000)
  eden space 129536K, 0% used [0x00000000f5580000,0x00000000f5580000,0x00000000fd400000)
  from space 22016K, 99% used [0x00000000fd400000,0x00000000fe97a810,0x00000000fe980000)
  to   space 23040K, 0% used [0x00000000fe980000,0x00000000fe980000,0x0000000100000000)
 ParOldGen       total 222720K, used 50499K [0x00000000e0000000, 0x00000000ed980000, 0x00000000f5580000)
  object space 222720K, 22% used [0x00000000e0000000,0x00000000e3150e40,0x00000000ed980000)
 Metaspace       used 83118K, capacity 91659K, committed 91952K, reserved 1128448K
  class space    used 11720K, capacity 13030K, committed 13104K, reserved 1048576K
}
Event: 41.690 GC heap before
{Heap before GC invocations=25 (full 3):
 PSYoungGen      total 151552K, used 151530K [0x00000000f5580000, 0x0000000100000000, 0x0000000100000000)
  eden space 129536K, 100% used [0x00000000f5580000,0x00000000fd400000,0x00000000fd400000)
  from space 22016K, 99% used [0x00000000fd400000,0x00000000fe97a810,0x00000000fe980000)
  to   space 23040K, 0% used [0x00000000fe980000,0x00000000fe980000,0x0000000100000000)
 ParOldGen       total 222720K, used 50499K [0x00000000e0000000, 0x00000000ed980000, 0x00000000f5580000)
  object space 222720K, 22% used [0x00000000e0000000,0x00000000e3150e40,0x00000000ed980000)
 Metaspace       used 83979K, capacity 92815K, committed 93104K, reserved 1128448K
  class space    used 11836K, capacity 13154K, committed 13232K, reserved 1048576K
Event: 41.709 GC heap after
Heap after GC invocations=25 (full 3):
 PSYoungGen      total 131072K, used 23018K [0x00000000f5580000, 0x0000000100000000, 0x0000000100000000)
  eden space 108032K, 0% used [0x00000000f5580000,0x00000000f5580000,0x00000000fbf00000)
  from space 23040K, 99% used [0x00000000fe980000,0x00000000ffffa8f8,0x0000000100000000)
  to   space 33280K, 0% used [0x00000000fbf00000,0x00000000fbf00000,0x00000000fdf80000)
 ParOldGen       total 222720K, used 64000K [0x00000000e0000000, 0x00000000ed980000, 0x00000000f5580000)
  object space 222720K, 28% used [0x00000000e0000000,0x00000000e3e80388,0x00000000ed980000)
 Metaspace       used 83979K, capacity 92815K, committed 93104K, reserved 1128448K
  class space    used 11836K, capacity 13154K, committed 13232K, reserved 1048576K
}

